2024-10-23T10:20:30.203Z [ERROR]: Erro ao obter coordenadas: O CEP informado não contém o código IBGE. Verifique se o CEP é válido.
2024-10-23T10:20:30.207Z [ERROR]: Erro ao buscar lojas por CEP: 00000-000. Detalhes: Falha ao obter coordenadas. Por favor, tente novamente mais tarde.
2024-10-23T10:21:16.921Z [ERROR]: Erro ao obter coordenadas: O CEP informado não contém o código IBGE. Verifique se o CEP é válido.
2024-10-23T10:21:16.922Z [ERROR]: Erro ao buscar lojas por CEP: 00000-000. Detalhes: Falha ao obter coordenadas. Por favor, tente novamente mais tarde.
2024-10-23T10:21:39.284Z [ERROR]: Erro ao obter coordenadas: O CEP informado não contém o código IBGE. Verifique se o CEP é válido.
2024-10-23T10:21:39.285Z [ERROR]: Erro ao buscar lojas por CEP: 00000-000. Detalhes: Falha ao obter coordenadas. Por favor, tente novamente mais tarde.
2024-10-23T10:23:30.884Z [ERROR]: Erro ao obter coordenadas: O CEP informado não contém o código IBGE. Verifique se o CEP é válido.
2024-10-23T10:23:30.885Z [ERROR]: Erro ao buscar lojas por CEP: 00000-000. Detalhes: Falha ao obter coordenadas. Por favor, tente novamente mais tarde.
2024-10-23T10:26:25.875Z [ERROR]: Erro ao obter coordenadas: O CEP informado não contém o código IBGE. Verifique se o CEP é válido.
2024-10-23T10:26:25.878Z [ERROR]: Erro ao buscar lojas por CEP: 55014491. Detalhes: Falha ao obter coordenadas. Por favor, tente novamente mais tarde.
2024-10-23T10:28:24.681Z [ERROR]: Erro ao obter coordenadas: O CEP informado não contém o código IBGE. Verifique se o CEP é válido.
2024-10-23T10:32:51.520Z [ERROR]: Erro ao obter coordenadas: O CEP informado não contém o código IBGE. Verifique se o CEP é válido.
2024-10-23T10:35:39.115Z [ERROR]: Erro ao obter coordenadas: O CEP informado não contém o código IBGE. Verifique se o CEP é válido.
2024-10-23T10:36:44.130Z [ERROR]: Erro ao obter coordenadas: O CEP informado não contém o código IBGE. Verifique se o CEP é válido.
2024-10-23T10:36:44.131Z [ERROR]: Erro ao buscar lojas por CEP: 55014491. Detalhes: O CEP informado não contém o código IBGE. Verifique se o CEP é válido.
2024-10-23T10:38:03.269Z [ERROR]: Erro ao buscar lojas por CEP: 55014491. Detalhes: O CEP informado não contém o código IBGE. Verifique se o CEP é válido.
2024-10-23T10:44:54.157Z [ERROR]: Erro ao buscar lojas por CEP: 57081522. Detalhes: Falha ao obter coordenadas. Por favor, tente novamente mais tarde.
2024-10-23T10:45:03.537Z [ERROR]: Erro ao buscar lojas por CEP: 55014490. Detalhes: Falha ao obter coordenadas. Por favor, tente novamente mais tarde.
2024-10-23T10:45:15.464Z [ERROR]: Erro ao buscar lojas por CEP: 55014490. Detalhes: Falha ao obter coordenadas. Por favor, tente novamente mais tarde.
2024-10-23T10:46:08.515Z [ERROR]: Erro ao buscar lojas por CEP: 55014490. Detalhes: Falha ao obter coordenadas. Por favor, tente novamente mais tarde.
2024-10-24T10:59:24.528Z [ERROR]: Erro ao buscar lojas por CEP: 55014491. Detalhes: Não foi possível encontrar o endereço completo para o CEP informado.
2024-10-24T11:11:14.732Z [ERROR]: Nenhuma coordenada encontrada para o endereço: Rua Padre Rui Cândido da Silva, Vila Odilon, Ourinhos - SP, Brasil
2024-10-24T11:11:14.733Z [ERROR]: Erro ao buscar lojas por CEP: 19905152. Detalhes: Nenhuma coordenada encontrada para o endereço informado.
2024-10-24T11:12:05.173Z [ERROR]: Nenhuma coordenada encontrada para o endereço: Rua Padre Rui Cândido da Silva, Vila Odilon, Ourinhos - SP, Brasil
2024-10-24T11:12:05.174Z [ERROR]: Erro ao buscar lojas por CEP: 19905152. Detalhes: Nenhuma coordenada encontrada para o endereço informado.
2024-10-24T11:13:06.522Z [ERROR]: Nenhuma coordenada encontrada para o endereço: Rua Padre Rui Cândido da Silva, Vila Odilon, Ourinhos - SP, Brasil
2024-10-24T11:13:06.523Z [ERROR]: Erro ao buscar lojas por CEP: 19905152. Detalhes: Nenhuma coordenada encontrada para o endereço informado.
2024-10-24T11:15:37.869Z [ERROR]: Nenhuma coordenada encontrada para o endereço: Rua Padre Rui Cândido da Silva, Vila Odilon, Ourinhos - SP, Brasil
2024-10-24T11:15:37.883Z [ERROR]: Erro ao buscar lojas por CEP: 19905152. Detalhes: Nenhuma coordenada encontrada para o endereço informado.
2024-10-24T11:16:51.296Z [ERROR]: Nenhuma coordenada encontrada para o endereço: Rua Padre Rui Cândido da Silva, Vila Odilon, Ourinhos - SP, Brasil
2024-10-24T11:16:51.305Z [ERROR]: Erro ao buscar lojas por CEP: 19905152. Detalhes: Nenhuma coordenada encontrada para o endereço informado.
2024-10-24T11:19:58.810Z [ERROR]: Nenhuma coordenada encontrada para o endereço: Rua Padre Rui Cândido da Silva, Vila Odilon, Ourinhos, SP, Brasil
2024-10-24T11:19:58.811Z [ERROR]: Erro ao buscar lojas por CEP: 19905152. Detalhes: Nenhuma coordenada encontrada para o endereço informado.
2024-10-24T11:21:11.364Z [ERROR]: Nenhuma coordenada encontrada para o endereço: Rua Padre Rui Cândido da Silva, Vila Odilon, Ourinhos, SP, Brasil
2024-10-24T11:21:11.365Z [ERROR]: Erro ao buscar lojas por CEP: 19905152. Detalhes: Nenhuma coordenada encontrada para o endereço informado.
2024-10-24T11:23:53.974Z [ERROR]: Nenhuma coordenada encontrada para o endereço: Rua Padre Rui Cândido da Silva, Vila Odilon, Ourinhos, SP, Brasil
2024-10-24T11:23:53.975Z [ERROR]: Erro ao buscar lojas por CEP: 19905152. Detalhes: Nenhuma coordenada encontrada para o endereço informado.
2024-10-24T11:24:43.262Z [ERROR]: Nenhuma coordenada encontrada para o endereço: Rua Padre Rui Cândido da Silva, Vila Odilon, Ourinhos, SP, Brasil
2024-10-24T11:24:43.263Z [ERROR]: Erro ao buscar lojas por CEP: 19905152. Detalhes: Nenhuma coordenada encontrada para o endereço informado.
2024-10-24T11:25:25.740Z [ERROR]: Nenhuma coordenada encontrada para o endereço: Rua Padre Rui Cândido da Silva, Vila Odilon, Ourinhos, SP, Brasil
2024-10-24T11:25:25.741Z [ERROR]: Erro ao buscar lojas por CEP: 19905152. Detalhes: Nenhuma coordenada encontrada para o endereço informado.
2024-10-24T11:25:42.990Z [ERROR]: Nenhuma coordenada encontrada para o endereço: Rua Padre Rui Cândido da Silva, Vila Odilon, Ourinhos, SP, Brasil
2024-10-24T11:25:42.991Z [ERROR]: Erro ao buscar lojas por CEP: 19905152. Detalhes: Nenhuma coordenada encontrada para o endereço informado.
2024-10-24T11:27:45.326Z [ERROR]: Nenhuma coordenada encontrada para o endereço: Rua Padre Rui Cândido da Silva, Vila Odilon, Ourinhos, SP, Brasil
2024-10-24T11:27:45.327Z [ERROR]: Erro ao buscar lojas por CEP: 19905-152. Detalhes: Nenhuma coordenada encontrada para o endereço informado.
